2021-03-31 18:08:26.753580:
0
2021-03-31 18:08:26.754113:
	0.3846
2021-03-31 18:08:26.754609:
	[0.20378053188323975, 7.374686241149902, 0.0, 2.5912303924560547, 0.0, 0.0, 0.0, 0.0, 0.5293538570404053, 0.0, 0.0, 0.0, 0.0, 0.0, 0.0, 0.0, 0.0, 0.8743523359298706, 0.20426678657531738, 0.0, 0.0, 0.0, 0.0, 0.0, 0.0, 0.0, 0.0, 0.0, 0.0, 0.0, 0.0, 0.0, 0.0, 0.0, 0.013837456703186035, 0.14666098356246948, 0.24438297748565674, 0.0, 0.0, 0.0, 0.0, 0.0, 0.04740256071090698, 0.0, 0.0, 0.0, 0.07858908176422119, 0.11952567100524902, 0.08180826902389526, 0.1802448034286499, 0.19694292545318604, 0.19861698150634766, 0.1423633098602295, 0.15860378742218018]
2021-03-31 18:08:26.755041:

2021-03-31 18:09:32.579564:
[0.34618, 0.358, 0.35848, 0.35904]
2021-03-31 18:09:46.037423:
0.3164
2021-03-31 18:09:59.083860:
0.2556
2021-03-31 18:10:12.067449:
0.1717
2021-03-31 18:12:18.732961:
0.3141
2021-03-31 18:14:27.029273:
0.2485
2021-03-31 18:16:34.720485:
0.1472
2021-03-31 18:18:44.868463:
0.314
2021-03-31 18:20:54.492377:
0.2485
2021-03-31 18:23:03.587271:
0.1472
2021-04-01 02:39:42.631759:
0
2021-04-01 02:39:42.635538:
	0.9238
2021-04-01 02:39:42.636039:
	[0.10756111145019531, 3.3768105506896973, 2.251976490020752, 0.0, 0.08351916074752808, 1.6279622316360474, 0.0, 0.2546958327293396, 1.8487792015075684, 1.7448265552520752, 1.7445359230041504, 1.7639411687850952, 0.21182960271835327, 0.18906402587890625, 0.17875564098358154, 0.20554238557815552, 0.2155711054801941, 0.35993391275405884, 0.10853356122970581, 0.010963499546051025, 0.005332767963409424, 0.008159279823303223, 0.00031626224517822266, 0.0014498233795166016, 0.000640869140625, 0.0010939836502075195, 0.0, 0.0015039443969726562, 0.0, 0.0006132125854492188, 0.004158139228820801, 0.0060384273529052734, 0.007525086402893066, 0.0011593103408813477, 0.05658066272735596, 0.001665949821472168, 0.1887660026550293, 0.04273200035095215, 0.0, 0.11538374423980713, 0.0, 0.012291014194488525, 0.03487032651901245, 0.007554948329925537, 0.0016016960144042969, 0.029638051986694336, 0.24966269731521606, 0.15209615230560303, 0.0, 0.04356968402862549, 0.0225905179977417, 0.3675960898399353, 0.45440971851348877, 1.007563829421997]
2021-04-01 02:39:42.636579:

2021-04-07 12:34:17.688308:
[0.69112, 0.79054, 0.7438, 0.78804]
2021-04-07 12:39:17.053032:
[0.69112, 0.79054, 0.7438, 0.78804]
2021-04-07 17:11:09.111236:
0.6769
2021-04-07 17:11:30.446179:
0.4745
2021-04-07 17:11:51.666063:
0.2857
2021-04-07 17:15:54.488238:
0.6026
2021-04-07 17:19:57.896557:
0.2307
2021-04-07 17:24:01.219897:
0.0151
2021-04-07 17:28:05.074329:
0.6018
2021-04-07 17:32:09.184851:
0.2259
2021-04-07 17:36:13.906636:
0.0141
2021-04-07 20:07:43.198216:
[0.69112, 0.79054, 0.7438, 0.78804]
2021-04-07 20:21:52.337123:
0.6768
2021-04-07 20:35:18.718077:
0.4742
2021-04-07 20:46:14.184849:
0.2855
2021-04-21 02:05:26.521830:
0
2021-04-21 02:05:26.529608:
	0.7302
2021-04-21 02:05:26.530140:
	[0.19243891537189484, 0.0, 0.0, 0.0, 0.0, 1.9619877338409424, 0.0, 0.0, 0.0, 0.0, 0.0, 0.0, 0.0, 1.6922930479049683, 1.4795805215835571, 0.0, 0.0, 0.0, 0.19146645069122314, 0.0, 0.0, 0.0, 0.0, 0.0, 0.0, 0.0, 0.0, 0.0, 0.0, 0.0, 0.0, 0.0, 0.0, 0.0, 0.0, 0.0, 0.11123401671648026, 0.0, 0.0, 0.0, 0.0, 0.0, 0.0, 0.0, 0.0, 0.0, 0.0, 0.0, 0.6154347658157349, 0.0, 0.0, 0.0, 0.0, 0.0]
2021-04-21 02:05:26.530636:

2021-04-21 02:07:59.479720:
[0.00456, 0.00536, 0.00196, 0.00366]
2021-04-21 02:08:28.548223:
0.0002
2021-04-21 02:08:55.819435:
0.0
2021-04-21 02:09:23.926536:
0.0
2021-04-21 02:14:40.020445:
0.0001
2021-04-21 02:19:55.659971:
0.0
2021-04-21 02:25:11.370470:
0.0
2021-04-21 02:30:26.992508:
0.0
2021-04-21 02:35:42.845330:
0.0
2021-04-21 02:40:59.066755:
0.0
2021-04-25 20:45:32.501920:
[0.33578, 0.39806, 0.29328, 0.38432]
2021-04-25 20:46:06.520903:
0.3489
2021-04-25 20:46:38.754840:
0.2003
2021-04-25 20:47:11.111925:
0.1165
2021-04-25 20:53:48.075334:
0.2401
2021-04-25 21:00:25.110202:
0.0439
2021-04-25 21:07:01.307023:
0.0029
2021-04-25 21:13:38.860040:
0.2383
2021-04-25 21:20:15.732171:
0.0417
2021-04-25 21:26:52.327005:
0.0034
