2021-04-07 10:13:17.085057:
0
2021-04-07 10:13:17.085766:
	0.5294
2021-04-07 10:13:17.086296:
	[0.2051869034767151, 0.20193803310394287, 0.20908886194229126, 0.23831140995025635, 0.21286576986312866, 0.2016173005104065, 0.21911096572875977, 0.2066439390182495, 0.21475321054458618, 0.2229439616203308, 0.2095608115196228, 0.2109556794166565, 0.22850799560546875, 0.21428531408309937, 0.21474343538284302, 0.24503344297409058, 0.23219835758209229, 0.24071121215820312, 0.2244853973388672, 0.21154439449310303, 0.2087259292602539, 0.20544672012329102, 0.24433618783950806, 0.2248644232749939, 0.24944013357162476, 0.208648681640625, 0.24640816450119019, 0.2260521650314331, 0.24323803186416626, 0.2117263674736023, 0.2138270139694214, 0.21969419717788696, 0.23436766862869263, 0.23081761598587036, 0.21864467859268188, 0.2432394027709961, 0.20469915866851807, 0.21604937314987183, 0.23415881395339966, 0.2025255560874939, 0.2321813702583313, 0.23724931478500366, 0.2025502324104309, 0.2220943570137024, 0.2326136827468872, 0.24418729543685913, 0.22147417068481445, 0.21088683605194092, 0.21042358875274658, 0.20844054222106934, 0.23135387897491455, 0.24926209449768066, 0.21105027198791504, 0.22039616107940674]
2021-04-07 10:13:17.086819:

2021-04-07 10:14:23.281009:
[0.49132, 0.5305, 0.5197, 0.52942]
2021-04-07 10:14:36.958811:
0.3623
2021-04-07 10:14:50.318922:
0.2529
2021-04-07 10:15:03.546171:
0.1335
2021-04-07 10:17:02.739803:
0.3446
2021-04-07 10:19:04.986587:
0.2005
2021-04-07 10:21:07.699278:
0.0552
2021-04-07 10:23:10.232049:
0.3458
2021-04-07 10:25:11.770744:
0.2003
2021-04-07 10:27:14.846067:
0.0542
2021-04-19 12:03:28.959496:
0
2021-04-19 12:03:28.965830:
	0.3846
2021-04-19 12:03:28.966347:
	[0.20378053188323975, 7.374686241149902, 0.0, 2.5912303924560547, 0.0, 0.0, 0.0, 0.0, 0.5293538570404053, 0.0, 0.0, 0.0, 0.0, 0.0, 0.0, 0.0, 0.0, 0.8743523359298706, 0.20426678657531738, 0.0, 0.0, 0.0, 0.0, 0.0, 0.0, 0.0, 0.0, 0.0, 0.0, 0.0, 0.0, 0.0, 0.0, 0.0, 0.013837456703186035, 0.14666098356246948, 0.24438297748565674, 0.0, 0.0, 0.0, 0.0, 0.0, 0.04740256071090698, 0.0, 0.0, 0.0, 0.07858908176422119, 0.11952567100524902, 0.08180826902389526, 0.1802448034286499, 0.19694292545318604, 0.19861698150634766, 0.1423633098602295, 0.15860378742218018]
2021-04-19 12:03:28.966828:

2021-04-19 12:04:41.533570:
[0.34618, 0.358, 0.35848, 0.35904]
2021-04-19 12:05:03.611131:
0.3164
2021-04-19 12:05:16.289285:
0.2556
2021-04-19 12:05:28.806990:
0.1717
2021-04-19 12:07:33.409042:
0.3141
