2021-03-31 18:08:26.753580:
0
2021-03-31 18:08:26.754113:
	0.3846
2021-03-31 18:08:26.754609:
	[0.20378053188323975, 7.374686241149902, 0.0, 2.5912303924560547, 0.0, 0.0, 0.0, 0.0, 0.5293538570404053, 0.0, 0.0, 0.0, 0.0, 0.0, 0.0, 0.0, 0.0, 0.8743523359298706, 0.20426678657531738, 0.0, 0.0, 0.0, 0.0, 0.0, 0.0, 0.0, 0.0, 0.0, 0.0, 0.0, 0.0, 0.0, 0.0, 0.0, 0.013837456703186035, 0.14666098356246948, 0.24438297748565674, 0.0, 0.0, 0.0, 0.0, 0.0, 0.04740256071090698, 0.0, 0.0, 0.0, 0.07858908176422119, 0.11952567100524902, 0.08180826902389526, 0.1802448034286499, 0.19694292545318604, 0.19861698150634766, 0.1423633098602295, 0.15860378742218018]
2021-03-31 18:08:26.755041:

2021-03-31 18:09:32.579564:
[0.34618, 0.358, 0.35848, 0.35904]
2021-03-31 18:09:46.037423:
0.3164
2021-03-31 18:09:59.083860:
0.2556
2021-03-31 18:10:12.067449:
0.1717
2021-03-31 18:12:18.732961:
0.3141
2021-03-31 18:14:27.029273:
0.2485
2021-03-31 18:16:34.720485:
0.1472
2021-03-31 18:18:44.868463:
0.314
2021-03-31 18:20:54.492377:
0.2485
2021-03-31 18:23:03.587271:
0.1472
2021-04-01 02:39:42.631759:
0
2021-04-01 02:39:42.635538:
	0.9238
2021-04-01 02:39:42.636039:
	[0.10756111145019531, 3.3768105506896973, 2.251976490020752, 0.0, 0.08351916074752808, 1.6279622316360474, 0.0, 0.2546958327293396, 1.8487792015075684, 1.7448265552520752, 1.7445359230041504, 1.7639411687850952, 0.21182960271835327, 0.18906402587890625, 0.17875564098358154, 0.20554238557815552, 0.2155711054801941, 0.35993391275405884, 0.10853356122970581, 0.010963499546051025, 0.005332767963409424, 0.008159279823303223, 0.00031626224517822266, 0.0014498233795166016, 0.000640869140625, 0.0010939836502075195, 0.0, 0.0015039443969726562, 0.0, 0.0006132125854492188, 0.004158139228820801, 0.0060384273529052734, 0.007525086402893066, 0.0011593103408813477, 0.05658066272735596, 0.001665949821472168, 0.1887660026550293, 0.04273200035095215, 0.0, 0.11538374423980713, 0.0, 0.012291014194488525, 0.03487032651901245, 0.007554948329925537, 0.0016016960144042969, 0.029638051986694336, 0.24966269731521606, 0.15209615230560303, 0.0, 0.04356968402862549, 0.0225905179977417, 0.3675960898399353, 0.45440971851348877, 1.007563829421997]
2021-04-01 02:39:42.636579:

2021-04-07 12:34:17.688308:
[0.69112, 0.79054, 0.7438, 0.78804]
2021-04-07 12:39:17.053032:
[0.69112, 0.79054, 0.7438, 0.78804]
2021-04-07 17:11:09.111236:
0.6769
2021-04-07 17:11:30.446179:
0.4745
2021-04-07 17:11:51.666063:
0.2857
2021-04-07 17:15:54.488238:
0.6026
2021-04-07 17:19:57.896557:
0.2307
2021-04-07 17:24:01.219897:
0.0151
2021-04-07 17:28:05.074329:
0.6018
2021-04-07 17:32:09.184851:
0.2259
2021-04-07 17:36:13.906636:
0.0141
2021-04-07 20:07:43.198216:
[0.69112, 0.79054, 0.7438, 0.78804]
2021-04-07 20:21:52.337123:
0.6768
2021-04-07 20:35:18.718077:
0.4742
2021-04-07 20:46:14.184849:
0.2855
2021-04-19 12:51:56.988612:
[0.69112, 0.79054, 0.7438, 0.78804]
2021-04-19 12:52:18.496105:
0.6769
2021-04-19 12:52:39.713562:
0.4745
2021-04-19 12:53:00.918230:
0.2857
2021-04-19 12:57:21.641983:
0.6019
2021-04-19 13:01:26.560973:
0.2293
2021-04-19 13:05:31.011564:
0.0145
2021-04-19 17:48:48.563298:
[0.69112, 0.79054, 0.7438, 0.78804]
2021-04-19 17:49:12.012804:
0.6769
2021-04-19 17:49:32.966243:
0.4745
2021-04-19 17:49:53.783993:
0.2857
2021-04-19 17:54:10.453599:
0.6016
2021-04-19 17:58:12.515599:
0.2298
2021-04-19 18:02:14.697337:
0.0144
2021-04-19 21:51:20.842976:
0
2021-04-19 21:51:20.852500:
	0.9437
2021-04-19 21:51:20.853079:
	[0.2490328550338745, 0.23232197761535645, 0.20498758554458618, 0.24884510040283203, 0.24925178289413452, 0.22783726453781128, 0.2470913529396057, 0.2292749285697937, 0.212934672832489, 0.23218125104904175, 0.22307991981506348, 0.20405352115631104, 0.2024737000465393, 0.20318198204040527, 0.24918854236602783, 0.23416000604629517, 0.21627157926559448, 0.21186691522598267, 0.23779606819152832, 0.21805912256240845, 0.22115468978881836, 0.2359653115272522, 0.21829450130462646, 0.21269947290420532, 0.2273678183555603, 0.20405787229537964, 0.23521149158477783, 0.2032407522201538, 0.24704056978225708, 0.21278482675552368, 0.2400038242340088, 0.21464765071868896, 0.24659156799316406, 0.24080240726470947, 0.24569839239120483, 0.20618164539337158, 0.2118288278579712, 0.2111096978187561, 0.2111303210258484, 0.22750329971313477, 0.20740020275115967, 0.23149055242538452, 0.23179179430007935, 0.24367904663085938, 0.21636039018630981, 0.24495798349380493, 0.2206023931503296, 0.2315429449081421, 0.22128814458847046, 0.2444971203804016, 0.20408695936203003, 0.24238526821136475, 0.21121352910995483, 0.2389369010925293]
2021-04-19 21:51:20.853687:

2021-04-19 21:52:52.936267:
[0.58204, 0.60648, 0.44098, 0.56454]
2021-04-19 21:53:14.077948:
0.5867
2021-04-19 21:53:34.661652:
0.3934
2021-04-19 21:53:55.073575:
0.268
2021-04-19 21:57:56.840235:
0.3775
2021-04-19 22:01:40.655722:
0.0411
2021-04-19 22:05:25.130308:
0.0001
2021-04-20 17:54:25.423355:
0.3835
2021-04-20 17:58:04.470066:
0.0433
2021-04-20 18:01:43.690394:
0.0001
2021-04-20 18:51:32.264628:
0.3839
2021-04-20 18:56:09.256618:
0.0442
2021-04-20 19:00:46.411075:
0.0002
