2021-03-31 18:08:26.753580:
0
2021-03-31 18:08:26.754113:
	0.3846
2021-03-31 18:08:26.754609:
	[0.20378053188323975, 7.374686241149902, 0.0, 2.5912303924560547, 0.0, 0.0, 0.0, 0.0, 0.5293538570404053, 0.0, 0.0, 0.0, 0.0, 0.0, 0.0, 0.0, 0.0, 0.8743523359298706, 0.20426678657531738, 0.0, 0.0, 0.0, 0.0, 0.0, 0.0, 0.0, 0.0, 0.0, 0.0, 0.0, 0.0, 0.0, 0.0, 0.0, 0.013837456703186035, 0.14666098356246948, 0.24438297748565674, 0.0, 0.0, 0.0, 0.0, 0.0, 0.04740256071090698, 0.0, 0.0, 0.0, 0.07858908176422119, 0.11952567100524902, 0.08180826902389526, 0.1802448034286499, 0.19694292545318604, 0.19861698150634766, 0.1423633098602295, 0.15860378742218018]
2021-03-31 18:08:26.755041:

2021-03-31 18:09:32.579564:
[0.34618, 0.358, 0.35848, 0.35904]
2021-03-31 18:09:46.037423:
0.3164
2021-03-31 18:09:59.083860:
0.2556
2021-03-31 18:10:12.067449:
0.1717
2021-03-31 18:12:18.732961:
0.3141
2021-03-31 18:14:27.029273:
0.2485
2021-03-31 18:16:34.720485:
0.1472
2021-03-31 18:18:44.868463:
0.314
2021-03-31 18:20:54.492377:
0.2485
2021-03-31 18:23:03.587271:
0.1472
2021-04-01 02:39:42.631759:
0
2021-04-01 02:39:42.635538:
	0.9238
2021-04-01 02:39:42.636039:
	[0.10756111145019531, 3.3768105506896973, 2.251976490020752, 0.0, 0.08351916074752808, 1.6279622316360474, 0.0, 0.2546958327293396, 1.8487792015075684, 1.7448265552520752, 1.7445359230041504, 1.7639411687850952, 0.21182960271835327, 0.18906402587890625, 0.17875564098358154, 0.20554238557815552, 0.2155711054801941, 0.35993391275405884, 0.10853356122970581, 0.010963499546051025, 0.005332767963409424, 0.008159279823303223, 0.00031626224517822266, 0.0014498233795166016, 0.000640869140625, 0.0010939836502075195, 0.0, 0.0015039443969726562, 0.0, 0.0006132125854492188, 0.004158139228820801, 0.0060384273529052734, 0.007525086402893066, 0.0011593103408813477, 0.05658066272735596, 0.001665949821472168, 0.1887660026550293, 0.04273200035095215, 0.0, 0.11538374423980713, 0.0, 0.012291014194488525, 0.03487032651901245, 0.007554948329925537, 0.0016016960144042969, 0.029638051986694336, 0.24966269731521606, 0.15209615230560303, 0.0, 0.04356968402862549, 0.0225905179977417, 0.3675960898399353, 0.45440971851348877, 1.007563829421997]
2021-04-01 02:39:42.636579:

2021-04-07 12:34:17.688308:
[0.69112, 0.79054, 0.7438, 0.78804]
2021-04-07 12:39:17.053032:
[0.69112, 0.79054, 0.7438, 0.78804]
2021-04-07 17:11:09.111236:
0.6769
2021-04-07 17:11:30.446179:
0.4745
2021-04-07 17:11:51.666063:
0.2857
2021-04-07 17:15:54.488238:
0.6026
2021-04-07 17:19:57.896557:
0.2307
2021-04-07 17:24:01.219897:
0.0151
2021-04-07 17:28:05.074329:
0.6018
2021-04-07 17:32:09.184851:
0.2259
2021-04-07 17:36:13.906636:
0.0141
2021-04-07 20:07:43.198216:
[0.69112, 0.79054, 0.7438, 0.78804]
2021-04-07 20:21:52.337123:
0.6768
2021-04-07 20:35:18.718077:
0.4742
2021-04-07 20:46:14.184849:
0.2855
2021-04-21 00:42:53.230003:
0
2021-04-21 00:42:53.230905:
	0.7468
2021-04-21 00:42:53.231447:
	[0.10756111145019531, 2.3543267250061035, 0.050681233406066895, 0.05943012237548828, 0.059084296226501465, 0.057151615619659424, 0.06542938947677612, 0.06757229566574097, 0.06693649291992188, 0.06693786382675171, 0.09075415134429932, 1.9140386581420898, 1.923726201057434, 0.1585189700126648, 0.1700516939163208, 0.23148906230926514, 0.23125046491622925, 0.8025792837142944, 0.10853356122970581, 1.919086217880249, 1.9704060554504395, 1.9958710670471191, 1.9686157703399658, 1.9413139820098877, 0.028947949409484863, 0.016051948070526123, 0.006144821643829346, 1.9831690788269043, 0.004354417324066162, 0.0006774067878723145, 1.9803860187530518, 0.0008013248443603516, 0.0009607672691345215, 0.0007601380348205566, 0.00542527437210083, 0.10243260860443115, 0.1887660026550293, 0.05305689573287964, 0.0, 0.005080103874206543, 0.12198448181152344, 0.0119706392288208, 0.00014317035675048828, 0.0, 0.0, 0.0, 0.29129570722579956, 0.30766570568084717, 0.06239992380142212, 0.012310922145843506, 0.05048704147338867, 0.13266146183013916, 0.13881707191467285, 0.2889159917831421]
2021-04-21 00:42:53.231970:

2021-04-21 00:44:27.269708:
[0.00562, 0.0055, 0.00312, 0.00466]
2021-04-21 00:44:50.149199:
0.0
2021-04-21 00:45:11.266493:
0.0
2021-04-21 00:45:32.405713:
0.0
2021-04-21 00:49:34.133818:
0.0
2021-04-21 00:53:35.511930:
0.0
2021-04-21 00:57:36.556550:
0.0
2021-04-21 01:01:38.175499:
0.0
2021-04-21 01:05:40.294987:
0.0
2021-04-21 01:09:42.036664:
0.0
2021-04-25 17:03:39.762348:
[0.32272, 0.35518, 0.25584, 0.3402]
2021-04-25 17:04:05.927708:
0.326
2021-04-25 17:04:30.245480:
0.1936
2021-04-25 17:04:54.597002:
0.1232
2021-04-25 17:10:02.061897:
0.1988
2021-04-25 17:15:09.982929:
0.0255
2021-04-25 17:20:17.988364:
0.0016
2021-04-25 17:25:26.768870:
0.1972
2021-04-25 17:30:34.520580:
0.0234
2021-04-25 17:35:41.946409:
0.0016
