2021-04-07 10:13:17.085057:
0
2021-04-07 10:13:17.085766:
	0.5294
2021-04-07 10:13:17.086296:
	[0.2051869034767151, 0.20193803310394287, 0.20908886194229126, 0.23831140995025635, 0.21286576986312866, 0.2016173005104065, 0.21911096572875977, 0.2066439390182495, 0.21475321054458618, 0.2229439616203308, 0.2095608115196228, 0.2109556794166565, 0.22850799560546875, 0.21428531408309937, 0.21474343538284302, 0.24503344297409058, 0.23219835758209229, 0.24071121215820312, 0.2244853973388672, 0.21154439449310303, 0.2087259292602539, 0.20544672012329102, 0.24433618783950806, 0.2248644232749939, 0.24944013357162476, 0.208648681640625, 0.24640816450119019, 0.2260521650314331, 0.24323803186416626, 0.2117263674736023, 0.2138270139694214, 0.21969419717788696, 0.23436766862869263, 0.23081761598587036, 0.21864467859268188, 0.2432394027709961, 0.20469915866851807, 0.21604937314987183, 0.23415881395339966, 0.2025255560874939, 0.2321813702583313, 0.23724931478500366, 0.2025502324104309, 0.2220943570137024, 0.2326136827468872, 0.24418729543685913, 0.22147417068481445, 0.21088683605194092, 0.21042358875274658, 0.20844054222106934, 0.23135387897491455, 0.24926209449768066, 0.21105027198791504, 0.22039616107940674]
2021-04-07 10:13:17.086819:

2021-04-07 10:14:23.281009:
[0.49132, 0.5305, 0.5197, 0.52942]
2021-04-07 10:14:36.958811:
0.3623
2021-04-07 10:14:50.318922:
0.2529
2021-04-07 10:15:03.546171:
0.1335
2021-04-07 10:17:02.739803:
0.3446
2021-04-07 10:19:04.986587:
0.2005
2021-04-07 10:21:07.699278:
0.0552
2021-04-07 10:23:10.232049:
0.3458
2021-04-07 10:25:11.770744:
0.2003
2021-04-07 10:27:14.846067:
0.0542
2021-04-19 12:03:28.959496:
0
2021-04-19 12:03:28.965830:
	0.3846
2021-04-19 12:03:28.966347:
	[0.20378053188323975, 7.374686241149902, 0.0, 2.5912303924560547, 0.0, 0.0, 0.0, 0.0, 0.5293538570404053, 0.0, 0.0, 0.0, 0.0, 0.0, 0.0, 0.0, 0.0, 0.8743523359298706, 0.20426678657531738, 0.0, 0.0, 0.0, 0.0, 0.0, 0.0, 0.0, 0.0, 0.0, 0.0, 0.0, 0.0, 0.0, 0.0, 0.0, 0.013837456703186035, 0.14666098356246948, 0.24438297748565674, 0.0, 0.0, 0.0, 0.0, 0.0, 0.04740256071090698, 0.0, 0.0, 0.0, 0.07858908176422119, 0.11952567100524902, 0.08180826902389526, 0.1802448034286499, 0.19694292545318604, 0.19861698150634766, 0.1423633098602295, 0.15860378742218018]
2021-04-19 12:03:28.966828:

2021-04-19 12:04:41.533570:
[0.34618, 0.358, 0.35848, 0.35904]
2021-04-19 12:05:03.611131:
0.3164
2021-04-19 12:05:16.289285:
0.2556
2021-04-19 12:05:28.806990:
0.1717
2021-04-19 12:07:33.409042:
0.3141
2021-04-19 17:01:14.341194:
0
2021-04-19 17:01:14.349633:
	0.9231
2021-04-19 17:01:14.350166:
	[0.20378053188323975, 2.2203941345214844, 0.0, 0.03797680139541626, 0.033491551876068115, 0.0, 0.0019080638885498047, 0.012268543243408203, 0.018832504749298096, 0.03266727924346924, 0.10726064443588257, 0.02749258279800415, 0.08465927839279175, 0.09849017858505249, 0.11652719974517822, 0.1492956280708313, 0.1323033571243286, 0.14916616678237915, 0.20426678657531738, 0.0, 0.0, 0.0021573901176452637, 0.006329596042633057, 0.09113413095474243, 0.0069953203201293945, 0.0, 0.04130232334136963, 0.0041159987449646, 0.009568929672241211, 0.004038035869598389, 0.0028525590896606445, 0.004137158393859863, 0.030174851417541504, 0.21290355920791626, 0.04297196865081787, 0.23847711086273193, 0.24438297748565674, 0.00568699836730957, 0.11081051826477051, 0.0010077357292175293, 0.33997929096221924, 0.3242734670639038, 0.06692731380462646, 0.008718311786651611, 0.009708523750305176, 0.10934484004974365, 0.01406949758529663, 0.0639420747756958, 0.0788722038269043, 0.25712043046951294, 0.09357362985610962, 0.14157122373580933, 0.29732340574264526, 0.8141282796859741]
2021-04-19 17:01:14.350726:

2021-04-19 17:02:27.523929:
[0.65576, 0.74278, 0.67628, 0.7374]
2021-04-19 17:02:43.573157:
0.662
2021-04-19 17:02:59.167193:
0.4777
2021-04-19 17:03:14.693156:
0.3255
2021-04-19 17:05:36.928214:
0.5576
2021-04-19 17:07:59.465665:
0.18
2021-04-19 17:10:21.960113:
0.0099
2021-04-19 17:12:49.043056:
0.5567
2021-04-19 17:15:16.320700:
0.174
2021-04-19 17:17:43.561441:
0.0098
