2021-04-07 10:13:17.085057:
0
2021-04-07 10:13:17.085766:
	0.5294
2021-04-07 10:13:17.086296:
	[0.2051869034767151, 0.20193803310394287, 0.20908886194229126, 0.23831140995025635, 0.21286576986312866, 0.2016173005104065, 0.21911096572875977, 0.2066439390182495, 0.21475321054458618, 0.2229439616203308, 0.2095608115196228, 0.2109556794166565, 0.22850799560546875, 0.21428531408309937, 0.21474343538284302, 0.24503344297409058, 0.23219835758209229, 0.24071121215820312, 0.2244853973388672, 0.21154439449310303, 0.2087259292602539, 0.20544672012329102, 0.24433618783950806, 0.2248644232749939, 0.24944013357162476, 0.208648681640625, 0.24640816450119019, 0.2260521650314331, 0.24323803186416626, 0.2117263674736023, 0.2138270139694214, 0.21969419717788696, 0.23436766862869263, 0.23081761598587036, 0.21864467859268188, 0.2432394027709961, 0.20469915866851807, 0.21604937314987183, 0.23415881395339966, 0.2025255560874939, 0.2321813702583313, 0.23724931478500366, 0.2025502324104309, 0.2220943570137024, 0.2326136827468872, 0.24418729543685913, 0.22147417068481445, 0.21088683605194092, 0.21042358875274658, 0.20844054222106934, 0.23135387897491455, 0.24926209449768066, 0.21105027198791504, 0.22039616107940674]
2021-04-07 10:13:17.086819:

2021-04-07 10:14:23.281009:
[0.49132, 0.5305, 0.5197, 0.52942]
2021-04-07 10:14:36.958811:
0.3623
2021-04-07 10:14:50.318922:
0.2529
2021-04-07 10:15:03.546171:
0.1335
2021-04-07 10:17:02.739803:
0.3446
2021-04-07 10:19:04.986587:
0.2005
2021-04-07 10:21:07.699278:
0.0552
2021-04-07 10:23:10.232049:
0.3458
2021-04-07 10:25:11.770744:
0.2003
2021-04-07 10:27:14.846067:
0.0542
2021-04-19 12:03:28.959496:
0
2021-04-19 12:03:28.965830:
	0.3846
2021-04-19 12:03:28.966347:
	[0.20378053188323975, 7.374686241149902, 0.0, 2.5912303924560547, 0.0, 0.0, 0.0, 0.0, 0.5293538570404053, 0.0, 0.0, 0.0, 0.0, 0.0, 0.0, 0.0, 0.0, 0.8743523359298706, 0.20426678657531738, 0.0, 0.0, 0.0, 0.0, 0.0, 0.0, 0.0, 0.0, 0.0, 0.0, 0.0, 0.0, 0.0, 0.0, 0.0, 0.013837456703186035, 0.14666098356246948, 0.24438297748565674, 0.0, 0.0, 0.0, 0.0, 0.0, 0.04740256071090698, 0.0, 0.0, 0.0, 0.07858908176422119, 0.11952567100524902, 0.08180826902389526, 0.1802448034286499, 0.19694292545318604, 0.19861698150634766, 0.1423633098602295, 0.15860378742218018]
2021-04-19 12:03:28.966828:

2021-04-19 12:04:41.533570:
[0.34618, 0.358, 0.35848, 0.35904]
2021-04-19 12:05:03.611131:
0.3164
2021-04-19 12:05:16.289285:
0.2556
2021-04-19 12:05:28.806990:
0.1717
2021-04-19 12:07:33.409042:
0.3141
2021-04-19 17:19:19.673920:
[0.34618, 0.358, 0.35848, 0.35904]
2021-04-19 17:19:37.014079:
0.3164
2021-04-19 17:19:52.682758:
0.2556
2021-04-19 17:20:08.261786:
0.1717
2021-04-19 17:22:30.435793:
0.314
2021-04-19 17:24:52.908536:
0.2484
2021-04-19 17:27:15.507065:
0.1471
2021-04-19 17:29:42.675032:
0.3141
2021-04-19 17:32:10.385552:
0.248
2021-04-19 17:34:37.372455:
0.1483
2021-04-19 23:55:17.083876:
0
2021-04-19 23:55:17.092008:
	0.7008
2021-04-19 23:55:17.092657:
	[0.20378053188323975, 2.279740333557129, 0.01532810926437378, 0.005820930004119873, 2.1036269664764404, 0.02483952045440674, 2.037618637084961, 2.0461888313293457, 0.03335624933242798, 0.0817154049873352, 0.02700650691986084, 0.03315114974975586, 0.03391420841217041, 0.027052998542785645, 0.04397779703140259, 0.09283202886581421, 0.28768646717071533, 0.4082578420639038, 0.20426678657531738, 0.0, 0.0, 0.002040863037109375, 0.017796456813812256, 0.0, 0.0007034540176391602, 0.0, 0.00048476457595825195, 0.0, 0.0, 0.001032114028930664, 0.0, 0.00043582916259765625, 0.0007944703102111816, 0.0, 0.0033398866653442383, 0.11794871091842651, 0.24438297748565674, 0.012379765510559082, 0.00565868616104126, 0.008266806602478027, 0.0005530118942260742, 0.0, 0.003057718276977539, 0.006658613681793213, 0.03611546754837036, 0.0037879347801208496, 0.0, 0.010059177875518799, 0.0003234744071960449, 0.0989941954612732, 0.009602129459381104, 0.008428812026977539, 0.20235615968704224, 0.5427767038345337]
2021-04-19 23:55:17.093244:

2021-04-19 23:56:20.124957:
[0.00624, 0.00466, 0.00338, 0.00466]
2021-04-19 23:56:34.357622:
0.0001
2021-04-19 23:56:46.776571:
0.0
2021-04-19 23:56:59.176622:
0.0
2021-04-19 23:59:04.144726:
0.0
2021-04-20 00:01:12.205617:
0.0
2021-04-20 00:03:20.733725:
0.0
2021-04-20 00:05:30.295215:
0.0
2021-04-20 00:07:39.694443:
0.0
2021-04-20 00:09:49.413562:
0.0
2021-04-25 20:08:22.548378:
[0.33236, 0.40438, 0.32326, 0.3983]
2021-04-25 20:08:39.216432:
0.2891
2021-04-25 20:08:54.042158:
0.1517
2021-04-25 20:09:08.799593:
0.0849
2021-04-25 20:11:29.737421:
0.1935
2021-04-25 20:13:52.835727:
0.0327
2021-04-25 20:16:16.111265:
0.0026
2021-04-25 20:18:44.786884:
0.1928
2021-04-25 20:21:13.658349:
0.0304
2021-04-25 20:23:42.250659:
0.0025
