2021-04-07 10:13:17.085057:
0
2021-04-07 10:13:17.085766:
	0.5294
2021-04-07 10:13:17.086296:
	[0.2051869034767151, 0.20193803310394287, 0.20908886194229126, 0.23831140995025635, 0.21286576986312866, 0.2016173005104065, 0.21911096572875977, 0.2066439390182495, 0.21475321054458618, 0.2229439616203308, 0.2095608115196228, 0.2109556794166565, 0.22850799560546875, 0.21428531408309937, 0.21474343538284302, 0.24503344297409058, 0.23219835758209229, 0.24071121215820312, 0.2244853973388672, 0.21154439449310303, 0.2087259292602539, 0.20544672012329102, 0.24433618783950806, 0.2248644232749939, 0.24944013357162476, 0.208648681640625, 0.24640816450119019, 0.2260521650314331, 0.24323803186416626, 0.2117263674736023, 0.2138270139694214, 0.21969419717788696, 0.23436766862869263, 0.23081761598587036, 0.21864467859268188, 0.2432394027709961, 0.20469915866851807, 0.21604937314987183, 0.23415881395339966, 0.2025255560874939, 0.2321813702583313, 0.23724931478500366, 0.2025502324104309, 0.2220943570137024, 0.2326136827468872, 0.24418729543685913, 0.22147417068481445, 0.21088683605194092, 0.21042358875274658, 0.20844054222106934, 0.23135387897491455, 0.24926209449768066, 0.21105027198791504, 0.22039616107940674]
2021-04-07 10:13:17.086819:

2021-04-07 10:14:23.281009:
[0.49132, 0.5305, 0.5197, 0.52942]
2021-04-07 10:14:36.958811:
0.3623
2021-04-07 10:14:50.318922:
0.2529
2021-04-07 10:15:03.546171:
0.1335
2021-04-07 10:17:02.739803:
0.3446
2021-04-07 10:19:04.986587:
0.2005
2021-04-07 10:21:07.699278:
0.0552
2021-04-07 10:23:10.232049:
0.3458
2021-04-07 10:25:11.770744:
0.2003
2021-04-07 10:27:14.846067:
0.0542
2021-04-14 09:42:39.799128:
0
2021-04-14 09:42:39.799807:
	0.5294
2021-04-14 09:42:39.800286:
	[0.2051869034767151, 0.20193803310394287, 0.20908886194229126, 0.23831140995025635, 0.21286576986312866, 0.2016173005104065, 0.21911096572875977, 0.2066439390182495, 0.21475321054458618, 0.2229439616203308, 0.2095608115196228, 0.2109556794166565, 0.22850799560546875, 0.21428531408309937, 0.21474343538284302, 0.24503344297409058, 0.23219835758209229, 0.24071121215820312, 0.2244853973388672, 0.21154439449310303, 0.2087259292602539, 0.20544672012329102, 0.24433618783950806, 0.2248644232749939, 0.24944013357162476, 0.208648681640625, 0.24640816450119019, 0.2260521650314331, 0.24323803186416626, 0.2117263674736023, 0.2138270139694214, 0.21969419717788696, 0.23436766862869263, 0.23081761598587036, 0.21864467859268188, 0.2432394027709961, 0.20469915866851807, 0.21604937314987183, 0.23415881395339966, 0.2025255560874939, 0.2321813702583313, 0.23724931478500366, 0.2025502324104309, 0.2220943570137024, 0.2326136827468872, 0.24418729543685913, 0.22147417068481445, 0.21088683605194092, 0.21042358875274658, 0.20844054222106934, 0.23135387897491455, 0.24926209449768066, 0.21105027198791504, 0.22039616107940674]
2021-04-14 09:42:39.800915:

2021-04-14 09:43:40.531120:
[0.49132, 0.5305, 0.5197, 0.52942]
2021-04-14 09:43:53.056675:
0.3623
2021-04-14 09:44:05.308409:
0.2529
2021-04-14 09:44:17.438454:
0.1335
2021-04-14 09:46:19.194793:
0.3446
2021-04-14 09:48:21.419905:
0.2005
2021-04-14 09:50:23.867885:
0.0552
2021-04-14 09:52:28.456392:
0.346
2021-04-14 09:54:32.301741:
0.1996
2021-04-14 09:56:37.426320:
0.0551
2021-04-14 10:14:17.944680:
[0.49132, 0.5305, 0.5197, 0.52942]
2021-04-14 10:14:31.672694:
0.3623
2021-04-14 10:14:43.842567:
0.2529
2021-04-14 10:14:56.213366:
0.1335
2021-04-14 10:16:56.769519:
0.3446
2021-04-14 10:18:59.549322:
0.2005
2021-04-14 10:21:03.008878:
0.0552
2021-04-14 10:23:04.603483:
0.3461
2021-04-14 10:27:36.018196:
[0.49132, 0.5305, 0.5197, 0.52942]
2021-04-14 10:27:49.432640:
0.3623
2021-04-14 10:28:02.201169:
0.2529
2021-04-14 10:28:15.257908:
0.1335
2021-04-14 10:30:18.497489:
0.3446
2021-04-14 10:32:21.647949:
0.2005
2021-04-14 10:34:24.819029:
0.0552
2021-04-14 10:36:29.849124:
0.3465
2021-04-14 10:38:32.945348:
0.1997
2021-04-14 10:40:39.028855:
0.0555
2021-04-14 10:47:10.295083:
[0.49132, 0.5305, 0.5197, 0.52942]
2021-04-14 10:47:22.949376:
0.3623
2021-04-14 10:47:35.214834:
0.2529
2021-04-14 10:47:47.737478:
0.1335
2021-04-14 10:49:50.326760:
0.3446
2021-04-14 10:51:53.734847:
0.2005
2021-04-14 10:53:56.571717:
0.0552
2021-04-14 10:56:00.449042:
0.3452
2021-04-14 10:58:05.198521:
0.2006
2021-04-14 11:00:09.377684:
0.0545
2021-04-14 11:18:48.417518:
0
2021-04-14 11:18:48.418068:
	0.1877
2021-04-14 11:18:48.418540:
	[0.21113330125808716, 0.21370774507522583, 0.2151240110397339, 0.24023139476776123, 0.21267807483673096, 0.21408742666244507, 0.2300398349761963, 0.22369009256362915, 0.24164795875549316, 0.21388405561447144, 0.24687105417251587, 0.20696419477462769, 0.20755773782730103, 0.24170589447021484, 0.2163097858428955, 0.24340015649795532, 0.2329503297805786, 0.24219685792922974, 0.21351313591003418, 0.24540412425994873, 0.20458859205245972, 0.21997052431106567, 0.24245071411132812, 0.22916048765182495, 0.2358241081237793, 0.20972824096679688, 0.2197694182395935, 0.20576870441436768, 0.21468782424926758, 0.22205179929733276]
2021-04-14 11:18:48.419082:

2021-04-14 11:20:39.327926:
[0.16928, 0.17464, 0.17384, 0.17456]
2021-04-14 11:21:05.105870:
0.1784
2021-04-14 11:21:30.307242:
0.1666
2021-04-14 11:21:55.923391:
0.1434
2021-04-14 11:27:26.719311:
0.1783
2021-04-14 11:33:00.565075:
0.1665
2021-04-14 11:38:33.386681:
0.1419
2021-04-14 11:44:55.502224:
0.178
2021-04-15 00:25:58.573932:
0
2021-04-15 00:25:58.575241:
	0.1264
2021-04-15 00:25:58.575723:
	[0.20111584663391113, 0.24085396528244019, 0.20564007759094238, 0.24543386697769165, 0.22215890884399414, 0.20663970708847046, 0.20251929759979248, 0.2116694450378418, 0.22387772798538208, 0.24921059608459473, 0.20405322313308716, 0.23159641027450562, 0.2261698842048645, 0.20855987071990967, 0.2090057134628296, 0.22891801595687866, 0.22640395164489746, 0.2485971450805664, 0.20969277620315552, 0.22758030891418457, 0.2298222780227661, 0.22744745016098022, 0.21100294589996338, 0.24695658683776855, 0.24432307481765747, 0.2040877342224121, 0.22590869665145874, 0.22531116008758545, 0.24670010805130005, 0.22712445259094238]
2021-04-15 00:25:58.576236:

2021-04-15 00:27:57.057520:
[0.11808, 0.11988, 0.1194, 0.11966]
2021-04-15 00:28:23.481117:
0.1182
2021-04-15 00:28:49.741484:
0.1143
2021-04-15 00:29:16.033497:
0.1083
2021-04-15 00:34:55.173223:
0.1182
2021-04-15 00:40:31.914869:
0.1124
2021-04-15 00:46:05.685320:
0.1047
2021-04-15 00:52:30.556679:
0.1182
2021-04-15 00:58:55.123935:
0.1126
2021-04-15 01:05:18.266337:
0.1048
2021-04-15 16:33:37.809120:
0
2021-04-15 16:33:37.809831:
	0.1433
2021-04-15 16:33:37.810346:
	[0.21140772104263306, 0.23607832193374634, 0.2143101692199707, 0.2330661416053772, 0.23988580703735352, 0.21557819843292236, 0.24138247966766357, 0.23355984687805176, 0.22005504369735718, 0.24632370471954346, 0.21829521656036377, 0.2131475806236267, 0.2380630373954773, 0.22906965017318726, 0.2494003176689148, 0.2422342300415039, 0.21864920854568481, 0.2323617935180664, 0.2067495584487915, 0.22420549392700195, 0.2228013277053833, 0.2404220700263977, 0.2351362109184265, 0.22936087846755981, 0.22429275512695312, 0.24403291940689087, 0.21715056896209717, 0.24970775842666626, 0.2197093367576599, 0.2485559582710266]
2021-04-15 16:33:37.810924:

2021-04-15 16:36:43.703354:
[0.10526, 0.1094, 0.10696, 0.10878]
2021-04-15 16:37:47.799340:
0.1261
2021-04-15 16:38:50.909834:
0.1189
2021-04-15 16:39:53.704519:
0.1058
2021-04-15 16:56:38.972217:
0.1277
2021-04-15 17:13:22.563058:
0.1152
2021-04-15 17:30:08.195072:
0.0976
2021-04-15 17:47:36.781259:
0.1279
2021-04-15 18:05:06.140325:
0.1154
2021-04-15 18:22:33.889818:
0.0969
2021-04-16 22:14:00.031936:
0
2021-04-16 22:14:00.032787:
	0.2763
2021-04-16 22:14:00.033342:
	[0.21964669227600098, 0.2498636245727539, 0.21821415424346924, 0.2190142273902893, 0.2396799921989441, 0.21982574462890625, 0.21526771783828735, 0.24275386333465576, 0.23841464519500732, 0.22011655569076538]
2021-04-16 22:14:00.033907:

2021-04-16 22:15:31.502330:
[0.25596, 0.25914, 0.25774, 0.2583]
2021-04-16 22:16:02.600821:
0.2415
2021-04-16 22:16:33.238983:
0.2124
2021-04-16 22:17:03.912494:
0.1659
2021-04-16 22:24:28.598001:
0.2412
2021-04-16 22:31:53.427250:
0.2112
2021-04-16 22:39:18.242196:
0.1617
2021-04-16 22:46:52.921363:
0.241
2021-04-16 22:54:28.034027:
0.2108
2021-04-16 23:02:02.686255:
0.1626
2021-04-17 12:46:55.223388:
0
2021-04-17 12:46:55.224058:
	0.2206
2021-04-17 12:46:55.224523:
	[0.2485019564628601, 0.24340885877609253, 0.2229597568511963, 0.22109729051589966, 0.21741712093353271, 0.2443622350692749, 0.2114473581314087]
2021-04-17 12:46:55.224922:

2021-04-17 12:47:55.367724:
[0.22286, 0.22324, 0.22324, 0.22336]
2021-04-17 12:48:21.935026:
0.1995
2021-04-17 12:48:48.232985:
0.1815
2021-04-17 12:49:14.507398:
0.1409
2021-04-17 12:55:28.227978:
0.1993
2021-04-17 13:01:43.769841:
0.1798
2021-04-17 13:07:58.385898:
0.138
2021-04-17 13:14:14.233249:
0.1993
2021-04-17 13:20:30.059297:
0.1803
2021-04-17 13:26:45.760224:
0.1383
2021-04-21 00:26:19.926811:
0
2021-04-21 00:26:19.939304:
	0.9274
2021-04-21 00:26:19.939734:
	[0.2485019564628601, 0.24340885877609253, 0.2229597568511963, 0.22109729051589966, 0.21741712093353271, 0.2443622350692749, 0.2114473581314087]
2021-04-21 00:26:19.940128:

2021-04-21 00:27:19.614508:
[0.65756, 0.78712, 0.76272, 0.79016]
2021-04-21 00:27:46.204329:
0.7011
2021-04-21 00:28:12.549487:
0.5241
2021-04-21 00:28:38.952085:
0.2949
2021-04-21 00:35:00.513023:
0.6734
2021-04-21 00:41:25.267386:
0.4023
2021-04-21 00:47:47.138798:
0.0914
2021-04-21 00:54:11.441918:
0.6735
2021-04-21 01:00:35.740989:
0.4002
2021-04-21 01:07:00.060290:
0.0897
